x:\new folder\iitg\semester 7\cs566 speech processing\assignment 4\vowel_recogniser\vowel_recogniser\debug\vowel_recogniser.pch
x:\new folder\iitg\semester 7\cs566 speech processing\assignment 4\vowel_recogniser\vowel_recogniser\debug\vc120.pdb
x:\new folder\iitg\semester 7\cs566 speech processing\assignment 4\vowel_recogniser\vowel_recogniser\debug\vc120.idb
x:\new folder\iitg\semester 7\cs566 speech processing\assignment 4\vowel_recogniser\vowel_recogniser\debug\stdafx.obj
x:\new folder\iitg\semester 7\cs566 speech processing\assignment 4\vowel_recogniser\vowel_recogniser\debug\cepstrum.obj
x:\new folder\iitg\semester 7\cs566 speech processing\assignment 4\vowel_recogniser\vowel_recogniser\debug\helper.obj
x:\new folder\iitg\semester 7\cs566 speech processing\assignment 4\vowel_recogniser\vowel_recogniser\debug\test.obj
x:\new folder\iitg\semester 7\cs566 speech processing\assignment 4\vowel_recogniser\vowel_recogniser\debug\train.obj
x:\new folder\iitg\semester 7\cs566 speech processing\assignment 4\vowel_recogniser\vowel_recogniser\debug\vowel_recogniser.obj
x:\new folder\iitg\semester 7\cs566 speech processing\assignment 4\vowel_recogniser\debug\vowel_recogniser.pdb
x:\new folder\iitg\semester 7\cs566 speech processing\assignment 4\vowel_recogniser\vowel_recogniser\debug\vowel_recogniser.tlog\cl.command.1.tlog
x:\new folder\iitg\semester 7\cs566 speech processing\assignment 4\vowel_recogniser\vowel_recogniser\debug\vowel_recogniser.tlog\cl.read.1.tlog
x:\new folder\iitg\semester 7\cs566 speech processing\assignment 4\vowel_recogniser\vowel_recogniser\debug\vowel_recogniser.tlog\cl.write.1.tlog
x:\new folder\iitg\semester 7\cs566 speech processing\assignment 4\vowel_recogniser\vowel_recogniser\debug\vowel_recogniser.tlog\link-cvtres.read.1.tlog
x:\new folder\iitg\semester 7\cs566 speech processing\assignment 4\vowel_recogniser\vowel_recogniser\debug\vowel_recogniser.tlog\link-cvtres.write.1.tlog
x:\new folder\iitg\semester 7\cs566 speech processing\assignment 4\vowel_recogniser\vowel_recogniser\debug\vowel_recogniser.tlog\link-rc.read.1.tlog
x:\new folder\iitg\semester 7\cs566 speech processing\assignment 4\vowel_recogniser\vowel_recogniser\debug\vowel_recogniser.tlog\link-rc.write.1.tlog
x:\new folder\iitg\semester 7\cs566 speech processing\assignment 4\vowel_recogniser\vowel_recogniser\debug\vowel_recogniser.tlog\link.command.1.tlog
x:\new folder\iitg\semester 7\cs566 speech processing\assignment 4\vowel_recogniser\vowel_recogniser\debug\vowel_recogniser.tlog\link.read.1.tlog
x:\new folder\iitg\semester 7\cs566 speech processing\assignment 4\vowel_recogniser\vowel_recogniser\debug\vowel_recogniser.tlog\link.write.1.tlog
